0 info it worked if it ends with ok
1 verbose cli [ '/usr/local/bin/node',
1 verbose cli   '/usr/local/bin/npm',
1 verbose cli   'install',
1 verbose cli   '-g',
1 verbose cli   'write-good' ]
2 info using npm@2.14.7
3 info using node@v4.2.2
4 verbose install initial load of /usr/local/lib/package.json
5 verbose readDependencies loading dependencies from /usr/local/lib/package.json
6 silly cache add args [ 'write-good', null ]
7 verbose cache add spec write-good
8 silly cache add parsed spec Result {
8 silly cache add   raw: 'write-good',
8 silly cache add   scope: null,
8 silly cache add   name: 'write-good',
8 silly cache add   rawSpec: '',
8 silly cache add   spec: '*',
8 silly cache add   type: 'range' }
9 silly addNamed write-good@*
10 verbose addNamed "*" is a valid semver range for write-good
11 silly addNameRange { name: 'write-good', range: '*', hasData: false }
12 silly mapToRegistry name write-good
13 silly mapToRegistry using default registry
14 silly mapToRegistry registry https://registry.npmjs.org/
15 silly mapToRegistry uri https://registry.npmjs.org/write-good
16 verbose addNameRange registry:https://registry.npmjs.org/write-good not in flight; fetching
17 verbose get https://registry.npmjs.org/write-good not expired, no request
18 silly addNameRange number 2 { name: 'write-good', range: '*', hasData: true }
19 silly addNameRange versions [ 'write-good',
19 silly addNameRange   [ '0.0.0',
19 silly addNameRange     '0.1.0',
19 silly addNameRange     '0.2.0',
19 silly addNameRange     '0.3.0',
19 silly addNameRange     '0.4.0',
19 silly addNameRange     '0.5.0',
19 silly addNameRange     '0.5.1',
19 silly addNameRange     '0.6.0',
19 silly addNameRange     '0.7.0',
19 silly addNameRange     '0.8.0',
19 silly addNameRange     '0.9.1' ] ]
20 silly addNamed write-good@0.9.1
21 verbose addNamed "0.9.1" is a plain semver version for write-good
22 silly cache afterAdd write-good@0.9.1
23 verbose afterAdd /Users/lorencrawford/.npm/write-good/0.9.1/package/package.json not in flight; writing
24 verbose afterAdd /Users/lorencrawford/.npm/write-good/0.9.1/package/package.json written
25 silly install resolved [ { name: 'write-good',
25 silly install resolved     version: '0.9.1',
25 silly install resolved     description: 'Naive linter for English prose',
25 silly install resolved     main: 'write-good.js',
25 silly install resolved     repository:
25 silly install resolved      { type: 'git',
25 silly install resolved        url: 'git+https://github.com/btford/write-good.git' },
25 silly install resolved     bin: { 'write-good': 'bin/write-good.js' },
25 silly install resolved     directories: { test: 'test' },
25 silly install resolved     scripts: { test: 'jasmine-node test' },
25 silly install resolved     keywords: [ 'english', 'writing', 'prose', 'words' ],
25 silly install resolved     author: { name: 'Brian Ford' },
25 silly install resolved     license: 'MIT',
25 silly install resolved     devDependencies: { 'jasmine-node': '2.0.0' },
25 silly install resolved     dependencies:
25 silly install resolved      { 'passive-voice': '~0.0.0',
25 silly install resolved        'weasel-words': '~0.1.0',
25 silly install resolved        'adverb-where': '~0.0.0',
25 silly install resolved        'too-wordy': '~0.1.0',
25 silly install resolved        'no-cliches': '~0.1.0' },
25 silly install resolved     gitHead: 'd9e7e91f42957e729abe99358898ca2fd2bb1a15',
25 silly install resolved     bugs: { url: 'https://github.com/btford/write-good/issues' },
25 silly install resolved     homepage: 'https://github.com/btford/write-good',
25 silly install resolved     _id: 'write-good@0.9.1',
25 silly install resolved     _shasum: 'a2ea34869bfa5effc7f8325467e25714fe50129a',
25 silly install resolved     _from: 'write-good@*',
25 silly install resolved     _npmVersion: '2.5.1',
25 silly install resolved     _nodeVersion: '0.12.0',
25 silly install resolved     _npmUser: { name: 'richardlitt', email: 'richard.littauer@gmail.com' },
25 silly install resolved     maintainers: [ [Object], [Object], [Object] ],
25 silly install resolved     dist:
25 silly install resolved      { shasum: 'a2ea34869bfa5effc7f8325467e25714fe50129a',
25 silly install resolved        tarball: 'https://registry.npmjs.org/write-good/-/write-good-0.9.1.tgz' },
25 silly install resolved     _resolved: 'https://registry.npmjs.org/write-good/-/write-good-0.9.1.tgz',
25 silly install resolved     readme: 'ERROR: No README data found!' } ]
26 info install write-good@0.9.1 into /usr/local/lib
27 info installOne write-good@0.9.1
28 verbose installOne of write-good to /usr/local/lib not in flight; installing
29 verbose lock using /Users/lorencrawford/.npm/_locks/write-good-c44b827b308568fc.lock for /usr/local/lib/node_modules/write-good
30 silly install write writing write-good 0.9.1 to /usr/local/lib/node_modules/write-good
31 verbose unbuild lib/node_modules/write-good
32 silly gentlyRm /usr/local/lib/node_modules/write-good is being purged from base /usr/local
33 verbose gentlyRm don't care about contents; nuking /usr/local/lib/node_modules/write-good
34 verbose tar unpack /Users/lorencrawford/.npm/write-good/0.9.1/package.tgz
35 verbose tar unpacking to /usr/local/lib/node_modules/write-good
36 silly gentlyRm /usr/local/lib/node_modules/write-good is being purged
37 verbose gentlyRm don't care about contents; nuking /usr/local/lib/node_modules/write-good
38 silly gunzTarPerm modes [ '755', '644' ]
39 error tar.unpack untar error /Users/lorencrawford/.npm/write-good/0.9.1/package.tgz
40 verbose unlock done using /Users/lorencrawford/.npm/_locks/write-good-c44b827b308568fc.lock for /usr/local/lib/node_modules/write-good
41 verbose fstream_path /usr/local/lib/node_modules/write-good
42 verbose fstream_type Directory
43 verbose fstream_class DirWriter
44 verbose stack Error: EACCES: permission denied, mkdir '/usr/local/lib/node_modules/write-good'
44 verbose stack     at Error (native)
45 verbose fstream_stack /usr/local/lib/node_modules/npm/node_modules/fstream/lib/dir-writer.js:35:25
45 verbose fstream_stack /usr/local/lib/node_modules/npm/node_modules/mkdirp/index.js:47:53
45 verbose fstream_stack FSReqWrap.oncomplete (fs.js:82:15)
46 verbose cwd /Users/lorencrawford/Projects/PlayBlog/_posts
47 error Darwin 14.5.0
48 error argv "/usr/local/bin/node" "/usr/local/bin/npm" "install" "-g" "write-good"
49 error node v4.2.2
50 error npm  v2.14.7
51 error path /usr/local/lib/node_modules/write-good
52 error code EACCES
53 error errno -13
54 error syscall mkdir
55 error Error: EACCES: permission denied, mkdir '/usr/local/lib/node_modules/write-good'
55 error     at Error (native)
55 error  { [Error: EACCES: permission denied, mkdir '/usr/local/lib/node_modules/write-good']
55 error   errno: -13,
55 error   code: 'EACCES',
55 error   syscall: 'mkdir',
55 error   path: '/usr/local/lib/node_modules/write-good',
55 error   fstream_type: 'Directory',
55 error   fstream_path: '/usr/local/lib/node_modules/write-good',
55 error   fstream_class: 'DirWriter',
55 error   fstream_stack:
55 error    [ '/usr/local/lib/node_modules/npm/node_modules/fstream/lib/dir-writer.js:35:25',
55 error      '/usr/local/lib/node_modules/npm/node_modules/mkdirp/index.js:47:53',
55 error      'FSReqWrap.oncomplete (fs.js:82:15)' ] }
56 error Please try running this command again as root/Administrator.
57 verbose exit [ -13, true ]
58 verbose unbuild lib/node_modules/write-good
59 silly gentlyRm /usr/local/lib/node_modules/write-good is being purged from base /usr/local
60 verbose gentlyRm don't care about contents; nuking /usr/local/lib/node_modules/write-good
